<?xml version="1.0" encoding="UTF-8"?>
<!-- Generated by org.testng.reporters.JUnitReportReporter -->
<testsuite hostname="USHYDPSUDHAK4" name="JacocoTest.JacocoTest.CalculatorTest" tests="3" failures="0" timestamp="17 Oct 2017 11:09:45 GMT" time="0.032" errors="0">
  <testcase name="testDivide" time="0.000" classname="JacocoTest.JacocoTest.CalculatorTest"/>
  <testcase name="testSum" time="0.016" classname="JacocoTest.JacocoTest.CalculatorTest"/>
  <testcase name="testDivideWillThrowExceptionWhenDivideOnZero" time="0.016" classname="JacocoTest.JacocoTest.CalculatorTest"/>
</testsuite> <!-- JacocoTest.JacocoTest.CalculatorTest -->
